Unity Editor version:    2022.1.13f1 (22856944e6d2)
Branch:                  2022.1/staging
Build type:              Release
Batch mode:              YES
macOS version:           Version 11.7.4 (Build 20G1120)
Darwin version:          20.6.0
Architecture:            x86_64
Running under Rosetta:   NO
Available memory:        8192 MB
Using pre-set license
Pro License: YES

COMMAND LINE ARGUMENTS:
/Applications/Unity/Hub/Editor/2022.1.13f1/Unity.app/Contents/MacOS/Unity
-adb2
-batchMode
-noUpm
-name
AssetImportWorker0
-projectPath
/Users/jordanwilgus/Documents/GitHub/Calamity/CalamityFunigami
-logFile
Logs/AssetImportWorker0.log
-srvPort
54098
Successfully changed project path to: /Users/jordanwilgus/Documents/GitHub/Calamity/CalamityFunigami
/Users/jordanwilgus/Documents/GitHub/Calamity/CalamityFunigami
[UnityMemory] Configuration Parameters - Can be set up in boot.config
    "memorysetup-bucket-allocator-granularity=16"
    "memorysetup-bucket-allocator-bucket-count=8"
    "memorysetup-bucket-allocator-block-size=33554432"
    "memorysetup-bucket-allocator-block-count=8"
    "memorysetup-main-allocator-block-size=16777216"
    "memorysetup-thread-allocator-block-size=16777216"
    "memorysetup-gfx-main-allocator-block-size=16777216"
    "memorysetup-gfx-thread-allocator-block-size=16777216"
    "memorysetup-cache-allocator-block-size=4194304"
    "memorysetup-typetree-allocator-block-size=2097152"
    "memorysetup-profiler-bucket-allocator-granularity=16"
    "memorysetup-profiler-bucket-allocator-bucket-count=8"
    "memorysetup-profiler-bucket-allocator-block-size=33554432"
    "memorysetup-profiler-bucket-allocator-block-count=8"
    "memorysetup-profiler-allocator-block-size=16777216"
    "memorysetup-profiler-editor-allocator-block-size=1048576"
    "memorysetup-temp-allocator-size-main=16777216"
    "memorysetup-job-temp-allocator-block-size=2097152"
    "memorysetup-job-temp-allocator-block-size-background=1048576"
    "memorysetup-job-temp-allocator-reduction-small-platforms=262144"
    "memorysetup-temp-allocator-size-background-worker=32768"
    "memorysetup-temp-allocator-size-job-worker=262144"
    "memorysetup-temp-allocator-size-preload-manager=33554432"
    "memorysetup-temp-allocator-size-nav-mesh-worker=65536"
    "memorysetup-temp-allocator-size-audio-worker=65536"
    "memorysetup-temp-allocator-size-cloud-worker=32768"
    "memorysetup-temp-allocator-size-gi-baking-worker=262144"
    "memorysetup-temp-allocator-size-gfx=262144"
Refreshing native plugins compatible for Editor in 416.79 ms, found 1 plugins.
Preloading 0 native plugins for Editor in 0.00 ms.
Initialize engine version: 2022.1.13f1 (22856944e6d2)
[Subsystems] Discovering subsystems at path /Applications/Unity/Hub/Editor/2022.1.13f1/Unity.app/Contents/Resources/UnitySubsystems
[Subsystems] Discovering subsystems at path /Users/jordanwilgus/Documents/GitHub/Calamity/CalamityFunigami/Assets
GfxDevice: creating device client; threaded=0; jobified=0
Color LCD preferred device: Intel Iris Graphics (low power)
Metal devices available: 1
0: Intel Iris Graphics (low power)
Using device Intel Iris Graphics (low power)
Initializing Metal device caps: Intel Iris Graphics
Initialize mono
Mono path[0] = '/Applications/Unity/Hub/Editor/2022.1.13f1/Unity.app/Contents/Managed'
Mono path[1] = '/Applications/Unity/Hub/Editor/2022.1.13f1/Unity.app/Contents/MonoBleedingEdge/lib/mono/unityjit-macos'
Mono config path = '/Applications/Unity/Hub/Editor/2022.1.13f1/Unity.app/Contents/MonoBleedingEdge/etc'
Using monoOptions --debugger-agent=transport=dt_socket,embedding=1,server=y,suspend=n,address=127.0.0.1:56861
Begin MonoManager ReloadAssembly
Registering precompiled unity dll's ...
Register platform support module: /Applications/Unity/Hub/Editor/2022.1.13f1/Unity.app/Contents/PlaybackEngines/MacStandaloneSupport/UnityEditor.OSXStandalone.Extensions.dll
Register platform support module: /Applications/Unity/Hub/Editor/2022.1.13f1/PlaybackEngines/WindowsStandaloneSupport/UnityEditor.WindowsStandalone.Extensions.dll
Registered in 0.020011 seconds.
Native extension for WindowsStandalone target not found
Native extension for OSXStandalone target not found
Refreshing native plugins compatible for Editor in 507.24 ms, found 1 plugins.
Preloading 0 native plugins for Editor in 0.00 ms.
Mono: successfully reloaded assembly
- Completed reload, in  4.133 seconds
Domain Reload Profiling:
	ReloadAssembly (4134ms)
		BeginReloadAssembly (505ms)
			ExecutionOrderSort (0ms)
			DisableScriptedObjects (0ms)
			BackupInstance (0ms)
			ReleaseScriptingObjects (0ms)
			CreateAndSetChildDomain (7ms)
		EndReloadAssembly (2794ms)
			LoadAssemblies (505ms)
			RebuildTransferFunctionScriptingTraits (1ms)
			SetupTypeCache (754ms)
				TypeCache.Initialize (752ms)
					TypeCache.ScanAssembly (749ms)
				ResolveRequiredComponents (2ms)
			ReleaseScriptCaches (0ms)
			RebuildScriptCaches (142ms)
			SetupLoadedEditorAssemblies (1596ms)
				LogAssemblyErrors (0ms)
				InitializePlatformSupportModulesInManaged (46ms)
				SetLoadedEditorAssemblies (27ms)
				RefreshPlugins (507ms)
				BeforeProcessingInitializeOnLoad (25ms)
				ProcessInitializeOnLoadAttributes (735ms)
				ProcessInitializeOnLoadMethodAttributes (256ms)
				AfterProcessingInitializeOnLoad (0ms)
				EditorAssembliesLoaded (0ms)
			ExecutionOrderSort2 (0ms)
			AwakeInstancesAfterBackupRestoration (0ms)
Platform modules already initialized, skipping
Registering precompiled user dll's ...
Registered in 0.020725 seconds.
Begin MonoManager ReloadAssembly
Symbol file LoadedFromMemory doesn't match image /Users/jordanwilgus/Documents/GitHub/Calamity/CalamityFunigami/Library/PackageCache/com.unity.visualscripting@1.7.8/Editor/VisualScripting.Core/Dependencies/YamlDotNet/Unity.VisualScripting.YamlDotNet.dll
Symbol file LoadedFromMemory doesn't match image /Users/jordanwilgus/Documents/GitHub/Calamity/CalamityFunigami/Library/PackageCache/com.unity.visualscripting@1.7.8/Editor/VisualScripting.Core/Dependencies/DotNetZip/Unity.VisualScripting.IonicZip.dll
Native extension for WindowsStandalone target not found
Native extension for OSXStandalone target not found
Refreshing native plugins compatible for Editor in 672.41 ms, found 1 plugins.
Preloading 0 native plugins for Editor in 0.00 ms.
Mono: successfully reloaded assembly
- Completed reload, in 10.274 seconds
Domain Reload Profiling:
	ReloadAssembly (10331ms)
		BeginReloadAssembly (630ms)
			ExecutionOrderSort (0ms)
			DisableScriptedObjects (42ms)
			BackupInstance (0ms)
			ReleaseScriptingObjects (1ms)
			CreateAndSetChildDomain (158ms)
		EndReloadAssembly (8856ms)
			LoadAssemblies (488ms)
			RebuildTransferFunctionScriptingTraits (0ms)
			SetupTypeCache (2609ms)
				TypeCache.Initialize (2441ms)
					TypeCache.ScanAssembly (2394ms)
				ResolveRequiredComponents (168ms)
			ReleaseScriptCaches (8ms)
			RebuildScriptCaches (737ms)
			SetupLoadedEditorAssemblies (4283ms)
				LogAssemblyErrors (0ms)
				InitializePlatformSupportModulesInManaged (37ms)
				SetLoadedEditorAssemblies (47ms)
				RefreshPlugins (673ms)
				BeforeProcessingInitializeOnLoad (781ms)
				ProcessInitializeOnLoadAttributes (2037ms)
				ProcessInitializeOnLoadMethodAttributes (689ms)
				AfterProcessingInitializeOnLoad (18ms)
				EditorAssembliesLoaded (1ms)
			ExecutionOrderSort2 (0ms)
			AwakeInstancesAfterBackupRestoration (91ms)
Platform modules already initialized, skipping
========================================================================
Worker process is ready to serve import requests
Launching external process: /Applications/Unity/Hub/Editor/2022.1.13f1/Unity.app/Contents/Tools/UnityShaderCompiler
Launched and connected shader compiler UnityShaderCompiler after 0.11 seconds
Refreshing native plugins compatible for Editor in 2.10 ms, found 1 plugins.
Preloading 0 native plugins for Editor in 0.00 ms.
Unloading 5535 Unused Serialized files (Serialized files now loaded: 0)
Unloading 29 unused Assets / (444.0 KB). Loaded Objects now: 6000.
Memory consumption went from 1.00 GB to 1.00 GB.
Total: 36.127036 ms (FindLiveObjects: 1.076405 ms CreateObjectMapping: 0.990128 ms MarkObjects: 33.536189 ms  DeleteObjects: 0.518493 ms)

AssetImportParameters requested are different than current active one (requested -> active):
  custom:video-decoder-ogg-theora: a1e56fd34408186e4bbccfd4996cb3dc -> 
  custom:container-muxer-webm: aa71ff27fc2769a1b78a27578f13a17b -> 
  custom:container-demuxer-webm: 4f35f7cbe854078d1ac9338744f61a02 -> 
  custom:video-encoder-webm-vp8: eb34c28f22e8b96e1ab97ce403110664 -> 
  custom:framework-osx-AVFoundation: e770b220cccbd017edd2c1fefb359320 -> 
  custom:audio-encoder-webm-vorbis: bf7c407c2cedff20999df2af8eb42d56 -> 
  custom:container-demuxer-ogg: 62fdf1f143b41e24485cea50d1cbac27 -> 
  custom:video-decoder-webm-vp8: 9c59270c3fd7afecdb556c50c9e8de78 -> 
  custom:audio-decoder-ogg-vorbis: bf7c407c2cedff20999df2af8eb42d56 -> 
========================================================================
Received Import Request.
  Time since last request: 204267.816491 seconds.
  path: Assets/Systems/Scenes/Scene Collections/BootScenes.asset
  artifactKey: Guid(7e9f2409a67c9415ba00f988b680e7ed) Importer(815301076,1909f56bfc062723c751e8b465ee728b)
Start importing Assets/Systems/Scenes/Scene Collections/BootScenes.asset using Guid(7e9f2409a67c9415ba00f988b680e7ed) Importer(815301076,1909f56bfc062723c751e8b465ee728b)  -> (artifact id: '4cccecc7a3260094333e9ef444127de5') in 6.101722 seconds 
========================================================================
Received Import Request.
  Time since last request: 0.000584 seconds.
  path: Assets/Systems/Scenes/Scene Pickers/Morgue.asset
  artifactKey: Guid(bce7e158e4fcb4f1ca66004abc60a672) Importer(815301076,1909f56bfc062723c751e8b465ee728b)
Start importing Assets/Systems/Scenes/Scene Pickers/Morgue.asset using Guid(bce7e158e4fcb4f1ca66004abc60a672) Importer(815301076,1909f56bfc062723c751e8b465ee728b)  -> (artifact id: '5f3cce9f9a528bfa7cc114f6586f720c') in 0.017770 seconds 
========================================================================
Received Import Request.
  Time since last request: 0.000155 seconds.
  path: Assets/Systems/Scenes/Scene Management Scripts/ActiveSceneCollection.asset
  artifactKey: Guid(5f0145ddd98a94ab69a320813c70e7ec) Importer(815301076,1909f56bfc062723c751e8b465ee728b)
Start importing Assets/Systems/Scenes/Scene Management Scripts/ActiveSceneCollection.asset using Guid(5f0145ddd98a94ab69a320813c70e7ec) Importer(815301076,1909f56bfc062723c751e8b465ee728b)  -> (artifact id: 'd16f297f8fb1f98c14db00bd0e96a17a') in 0.013557 seconds 
========================================================================
Received Import Request.
  Time since last request: 0.000129 seconds.
  path: Assets/Systems/Scenes/Scene Pickers/MainMenu.asset
  artifactKey: Guid(12696c858d427444986819f8125ac4ab) Importer(815301076,1909f56bfc062723c751e8b465ee728b)
Start importing Assets/Systems/Scenes/Scene Pickers/MainMenu.asset using Guid(12696c858d427444986819f8125ac4ab) Importer(815301076,1909f56bfc062723c751e8b465ee728b)  -> (artifact id: '79d3513bbb4b9603e7105837f53c7cb7') in 0.006008 seconds 
========================================================================
Received Import Request.
  Time since last request: 0.001551 seconds.
  path: Assets/Systems/Scenes/Scene Pickers/EventLogger.asset
  artifactKey: Guid(5a419795261844516bc5c8103cb813a9) Importer(815301076,1909f56bfc062723c751e8b465ee728b)
Start importing Assets/Systems/Scenes/Scene Pickers/EventLogger.asset using Guid(5a419795261844516bc5c8103cb813a9) Importer(815301076,1909f56bfc062723c751e8b465ee728b)  -> (artifact id: '6071ec8fad4c3bce133e75fd350c142e') in 0.009882 seconds 
========================================================================
Received Import Request.
  Time since last request: 0.000164 seconds.
  path: Assets/Systems/Scenes/Scene Pickers/GameplayMenus.asset
  artifactKey: Guid(393899ed6e246441e91e17a56f665af8) Importer(815301076,1909f56bfc062723c751e8b465ee728b)
Start importing Assets/Systems/Scenes/Scene Pickers/GameplayMenus.asset using Guid(393899ed6e246441e91e17a56f665af8) Importer(815301076,1909f56bfc062723c751e8b465ee728b)  -> (artifact id: '82825ed0bfa935e0937823266e81c28a') in 0.034744 seconds 
Editor requested this worker to shutdown with reason: Scaling down because of idle timeout
AssetImportWorker is now disconnected from the server
Process exiting
